TN:
SF:src/background.ts
FN:43,bgGenerateId
FN:54,bgSaveGroups
FN:69,bgLoadGroups
FN:84,bgSaveSettings
FN:99,bgLoadSettings
FN:114,bgAddGroup
FN:127,bgUpdateContextMenus
FN:129,(anonymous_7)
FN:134,(anonymous_8)
FN:169,bgSendCreateGroupMessage
FN:189,bgSendApplyGroupMessage
FN:195,(anonymous_11)
FN:226,bgHandleContextMenuClick
FN:255,bgHandleStorageChange
FN:272,bgInitialize
FNF:15
FNH:0
FNDA:0,bgGenerateId
FNDA:0,bgSaveGroups
FNDA:0,bgLoadGroups
FNDA:0,bgSaveSettings
FNDA:0,bgLoadSettings
FNDA:0,bgAddGroup
FNDA:0,bgUpdateContextMenus
FNDA:0,(anonymous_7)
FNDA:0,(anonymous_8)
FNDA:0,bgSendCreateGroupMessage
FNDA:0,bgSendApplyGroupMessage
FNDA:0,(anonymous_11)
FNDA:0,bgHandleContextMenuClick
FNDA:0,bgHandleStorageChange
FNDA:0,bgInitialize
DA:22,0
DA:27,0
DA:33,0
DA:44,0
DA:55,0
DA:56,0
DA:60,0
DA:61,0
DA:70,0
DA:71,0
DA:72,0
DA:74,0
DA:75,0
DA:85,0
DA:86,0
DA:90,0
DA:91,0
DA:100,0
DA:101,0
DA:102,0
DA:104,0
DA:105,0
DA:115,0
DA:116,0
DA:117,0
DA:129,0
DA:130,0
DA:133,0
DA:134,0
DA:135,0
DA:144,0
DA:153,0
DA:170,0
DA:171,0
DA:175,0
DA:176,0
DA:179,0
DA:193,0
DA:194,0
DA:195,0
DA:197,0
DA:198,0
DA:199,0
DA:202,0
DA:204,0
DA:210,0
DA:211,0
DA:214,0
DA:230,0
DA:232,0
DA:234,0
DA:235,0
DA:237,0
DA:238,0
DA:240,0
DA:241,0
DA:244,0
DA:259,0
DA:260,0
DA:261,0
DA:273,0
DA:276,0
DA:277,0
DA:280,0
DA:282,0
DA:286,0
LF:66
LH:0
BRDA:72,0,0,0
BRDA:72,0,1,0
BRDA:133,1,0,0
BRDA:175,2,0,0
BRDA:175,3,0,0
BRDA:175,3,1,0
BRDA:197,4,0,0
BRDA:210,5,0,0
BRDA:210,6,0,0
BRDA:210,6,1,0
BRDA:230,7,0,0
BRDA:235,8,0,0
BRDA:235,8,1,0
BRDA:238,9,0,0
BRDA:259,10,0,0
BRDA:259,11,0,0
BRDA:259,11,1,0
BRF:17
BRH:0
end_of_record
TN:
SF:src/content.ts
FN:57,ctSleep
FN:58,(anonymous_1)
FN:65,ctGenerateId
FN:76,ctSaveGroups
FN:91,ctLoadGroups
FN:105,ctLoadSettings
FN:120,ctAddGroup
FN:133,ctFindCalendarSection
FN:189,ctGetCalendarLabel
FN:247,ctGetCalendarCheckboxes
FN:275,ctToggleCheckbox
FN:286,ctWaitForCalendarLoad
FN:299,(anonymous_12)
FN:314,(anonymous_13)
FN:341,ctApplyCalendarGroup
FN:369,ctGetCurrentlySelectedCalendars
FN:372,(anonymous_16)
FN:373,(anonymous_17)
FN:382,ctShowNotification
FN:410,(anonymous_19)
FN:422,ctShowInputError
FN:434,ctPromptForGroupName
FN:435,(anonymous_22)
FN:441,(anonymous_23)
FN:451,(anonymous_24)
FN:460,(anonymous_25)
FN:477,ctCreateGroupNameModal
FN:505,ctAddModalStyles
FN:622,ctCreateCalendarGroup
FN:638,(anonymous_29)
FN:673,ctHandleMessage
FN:703,(anonymous_31)
FN:727,ctInitialize
FN:739,(anonymous_33)
FNF:34
FNH:0
FNDA:0,ctSleep
FNDA:0,(anonymous_1)
FNDA:0,ctGenerateId
FNDA:0,ctSaveGroups
FNDA:0,ctLoadGroups
FNDA:0,ctLoadSettings
FNDA:0,ctAddGroup
FNDA:0,ctFindCalendarSection
FNDA:0,ctGetCalendarLabel
FNDA:0,ctGetCalendarCheckboxes
FNDA:0,ctToggleCheckbox
FNDA:0,ctWaitForCalendarLoad
FNDA:0,(anonymous_12)
FNDA:0,(anonymous_13)
FNDA:0,ctApplyCalendarGroup
FNDA:0,ctGetCurrentlySelectedCalendars
FNDA:0,(anonymous_16)
FNDA:0,(anonymous_17)
FNDA:0,ctShowNotification
FNDA:0,(anonymous_19)
FNDA:0,ctShowInputError
FNDA:0,ctPromptForGroupName
FNDA:0,(anonymous_22)
FNDA:0,(anonymous_23)
FNDA:0,(anonymous_24)
FNDA:0,(anonymous_25)
FNDA:0,ctCreateGroupNameModal
FNDA:0,ctAddModalStyles
FNDA:0,ctCreateCalendarGroup
FNDA:0,(anonymous_29)
FNDA:0,ctHandleMessage
FNDA:0,(anonymous_31)
FNDA:0,ctInitialize
FNDA:0,(anonymous_33)
DA:28,0
DA:33,0
DA:38,0
DA:48,0
DA:58,0
DA:66,0
DA:77,0
DA:78,0
DA:82,0
DA:83,0
DA:92,0
DA:93,0
DA:94,0
DA:96,0
DA:97,0
DA:106,0
DA:107,0
DA:108,0
DA:110,0
DA:111,0
DA:121,0
DA:122,0
DA:123,0
DA:134,0
DA:135,0
DA:137,0
DA:139,0
DA:140,0
DA:141,0
DA:143,0
DA:144,0
DA:145,0
DA:146,0
DA:152,0
DA:153,0
DA:155,0
DA:156,0
DA:157,0
DA:158,0
DA:159,0
DA:164,0
DA:165,0
DA:166,0
DA:167,0
DA:168,0
DA:169,0
DA:170,0
DA:172,0
DA:176,0
DA:179,0
DA:180,0
DA:191,0
DA:192,0
DA:193,0
DA:194,0
DA:195,0
DA:196,0
DA:201,0
DA:202,0
DA:205,0
DA:206,0
DA:207,0
DA:208,0
DA:209,0
DA:210,0
DA:212,0
DA:213,0
DA:214,0
DA:220,0
DA:221,0
DA:222,0
DA:223,0
DA:224,0
DA:225,0
DA:226,0
DA:227,0
DA:230,0
DA:231,0
DA:235,0
DA:238,0
DA:240,0
DA:248,0
DA:249,0
DA:250,0
DA:253,0
DA:254,0
DA:256,0
DA:257,0
DA:258,0
DA:259,0
DA:267,0
DA:276,0
DA:277,0
DA:287,0
DA:288,0
DA:289,0
DA:291,0
DA:293,0
DA:295,0
DA:296,0
DA:298,0
DA:299,0
DA:307,0
DA:308,0
DA:309,0
DA:310,0
DA:312,0
DA:313,0
DA:314,0
DA:315,0
DA:319,0
DA:320,0
DA:321,0
DA:325,0
DA:326,0
DA:327,0
DA:328,0
DA:330,0
DA:342,0
DA:344,0
DA:345,0
DA:346,0
DA:349,0
DA:350,0
DA:352,0
DA:353,0
DA:355,0
DA:356,0
DA:357,0
DA:358,0
DA:359,0
DA:360,0
DA:370,0
DA:371,0
DA:372,0
DA:373,0
DA:383,0
DA:384,0
DA:385,0
DA:387,0
DA:388,0
DA:406,0
DA:407,0
DA:410,0
DA:411,0
DA:412,0
DA:423,0
DA:424,0
DA:425,0
DA:426,0
DA:435,0
DA:436,0
DA:437,0
DA:438,0
DA:439,0
DA:441,0
DA:442,0
DA:443,0
DA:444,0
DA:445,0
DA:447,0
DA:451,0
DA:452,0
DA:453,0
DA:457,0
DA:458,0
DA:460,0
DA:461,0
DA:462,0
DA:463,0
DA:464,0
DA:468,0
DA:469,0
DA:478,0
DA:479,0
DA:480,0
DA:497,0
DA:498,0
DA:506,0
DA:507,0
DA:612,0
DA:623,0
DA:624,0
DA:626,0
DA:627,0
DA:628,0
DA:631,0
DA:632,0
DA:633,0
DA:637,0
DA:638,0
DA:640,0
DA:641,0
DA:642,0
DA:646,0
DA:654,0
DA:655,0
DA:657,0
DA:659,0
DA:660,0
DA:678,0
DA:679,0
DA:682,0
DA:683,0
DA:684,0
DA:688,0
DA:689,0
DA:690,0
DA:694,0
DA:695,0
DA:696,0
DA:700,0
DA:701,0
DA:703,0
DA:705,0
DA:708,0
DA:709,0
DA:712,0
DA:713,0
DA:728,0
DA:730,0
DA:732,0
DA:733,0
DA:735,0
DA:739,0
DA:740,0
DA:741,0
DA:746,0
DA:747,0
DA:749,0
LF:230
LH:0
BRDA:94,0,0,0
BRDA:94,0,1,0
BRDA:141,1,0,0
BRDA:144,2,0,0
BRDA:153,3,0,0
BRDA:157,4,0,0
BRDA:166,5,0,0
BRDA:166,5,1,0
BRDA:168,6,0,0
BRDA:192,7,0,0
BRDA:194,8,0,0
BRDA:196,9,0,0
BRDA:202,10,0,0
BRDA:206,11,0,0
BRDA:208,12,0,0
BRDA:210,13,0,0
BRDA:213,14,0,0
BRDA:213,15,0,0
BRDA:213,15,1,0
BRDA:213,15,2,0
BRDA:222,16,0,0
BRDA:222,16,1,0
BRDA:224,17,0,0
BRDA:224,18,0,0
BRDA:224,18,1,0
BRDA:224,18,2,0
BRDA:226,19,0,0
BRDA:235,20,0,0
BRDA:235,20,1,0
BRDA:235,20,2,0
BRDA:238,21,0,0
BRDA:249,22,0,0
BRDA:258,23,0,0
BRDA:276,24,0,0
BRDA:298,25,0,0
BRDA:308,26,0,0
BRDA:312,27,0,0
BRDA:341,28,0,0
BRDA:344,29,0,0
BRDA:355,30,0,0
BRDA:355,30,1,0
BRDA:355,31,0,0
BRDA:355,31,1,0
BRDA:358,32,0,0
BRDA:358,33,0,0
BRDA:358,33,1,0
BRDA:358,33,2,0
BRDA:411,34,0,0
BRDA:424,35,0,0
BRDA:443,36,0,0
BRDA:443,36,1,0
BRDA:461,37,0,0
BRDA:461,37,1,0
BRDA:463,38,0,0
BRDA:626,39,0,0
BRDA:632,40,0,0
BRDA:640,41,0,0
BRDA:679,42,0,0
BRDA:679,42,1,0
BRDA:679,42,2,0
BRDA:679,42,3,0
BRDA:679,42,4,0
BRDA:715,43,0,0
BRDA:715,43,1,0
BRDA:746,44,0,0
BRDA:746,44,1,0
BRF:66
BRH:0
end_of_record
TN:
SF:src/shared.ts
FN:50,sleep
FN:51,(anonymous_1)
FN:58,generateId
FNF:3
FNH:3
FNDA:3,sleep
FNDA:3,(anonymous_1)
FNDA:1005,generateId
DA:28,1
DA:33,1
DA:37,1
DA:50,1
DA:51,3
DA:58,1
DA:59,1005
LF:7
LH:7
BRF:0
BRH:0
end_of_record
